"1026  /sitebuilder              1      3220      "	"10016,10017,10021,10036,10038,10046,10047,10049,10061,10068"
"1027  /intdev                   1      507       "	"10017,10031,10038,10068,10166,10219,10252,10261,10304,10335"
"1028  /oledev                   1      93        "	"10017,10297,10545,10699,10818,11191,11508,11570,11908,12147"
"1029  /clipgallerylive          1      132       "	"10019,10277,10294,10313,10451,10540,10618,10916,10997,11130"
"1030  /ntserver                 1      1115      "	"10019,10042,10077,10148,10171,10181,10185,10217,10238,10314"
"1031  /msoffice                 1      574       "	"10019,10031,10035,10070,10073,10162,10186,10208,10218,10241"
"1032  /games                    1      1446      "	"10019,10021,10033,10037,10038,10060,10075,10085,10098,10133"
"1033  /logostore                1      26        "	"10019,10707,12285,12412,13135,13613,18150,19483,21782,22003"
"1034  /ie                       1      9383      "	"10020,10021,10026,10027,10029,10031,10036,10039,10040,10041"
"1035  /windowssupport           1      1791      "	"10021,10031,10036,10089,10120,10133,10145,10152,10183,10185"
"1036  /organizations            1      759       "	"10021,10083,10132,10154,10162,10196,10348,10398,10408,10428"
"1037  /windows95                1      1160      "	"10021,10034,10075,10085,10133,10185,10196,10272,10281,10306"
"1038  /sbnmember                1      1110      "	"10021,10035,10049,10068,10136,10144,10179,10188,10252,10269"
"1039  /isp                      1      345       "	"10021,10141,10143,10210,10434,10454,10553,10817,10849,11040"
"1040  /office                   1      1506      "	"10021,10036,10065,10067,10068,10083,10109,10124,10127,10132"
"1041  /workshop                 1      1500      "	"10021,10031,10036,10038,10068,10134,10136,10147,10156,10166"
"1042  /vstudio                  1      281       "	"10021,10052,10068,10110,10118,10156,10264,10290,10335,10348"
"1043  /smallbiz                 1      224       "	"10021,10076,10303,10349,10490,10510,10763,10934,11292,11336"
"1044  /mediadev                 1      168       "	"10024,10207,10387,10801,10806,11409,11457,11662,11717,12172"
"1045  /netmeeting               1      474       "	"10025,10031,10065,10137,10164,10224,10298,10362,10439,10523"
"1046  /iesupport                1      636       "	"10027,10031,10051,10065,10103,10141,10158,10224,10323,10387"
"1048  /publisher                1      210       "	"10030,10036,10277,10294,10506,10701,10916,10923,11049,11461"
"1049  /supportnet               1      343       "	"10031,10039,10141,10224,10308,10660,10877,10925,11142,11143"
"1050  /macoffice                1      106       "	"10032,10101,10384,10604,10797,11181,11486,11493,11771,12306"
"1051  /scheduleplus             1      86        "	"10035,10036,10437,10573,10601,10881,10896,11539,11692,11768"
"1052  /word                     1      842       "	"10035,10036,10053,10070,10162,10196,10218,10301,10399,10415"
"1053  /visualj                  1      670       "	"10035,10049,10074,10102,10110,10188,10208,10275,10290,10348"
"1054  /exchange                 1      338       "	"10036,10132,10159,10205,10290,10328,10336,10348,10454,10490"
"1055  /kids                     1      264       "	"10037,10185,10272,10327,10363,10403,10615,10859,10879,10896"
"1056  /sports                   1      276       "	"10037,10065,10266,10311,10534,10592,10846,10984,11257,11258"
"1057  /powerpoint               1      195       "	"10038,10156,10506,11106,11169,11320,11359,11455,11692,11693"
"1058  /referral                 1      672       "	"10039,10129,10244,10254,10291,10327,10377,10389,10433,10454"
"1059  /sverige                  1      258       "	"10047,10139,10294,10523,10560,10598,10663,10699,10704,10784"
"1060  /msword                   1      391       "	"10053,10144,10241,10415,10588,10659,10706,10852,10897,11040"
"1061  /promo                    1      269       "	"10058,10068,10172,10197,10272,10325,10421,10653,10845,10901"
"1062  /msaccess                 1      141       "	"10065,10180,10848,10956,11087,11095,11440,11950,12063,12192"
"1063  /intranet                 1      113       "	"10067,10147,10381,10396,10471,10706,10902,11076,11678,12224"
"1064  /activeplatform           1      324       "	"10068,10108,10297,10375,10597,10643,10753,10799,10865,11243"
"1065  /java                     1      323       "	"10068,10290,10346,10348,10459,10466,10607,10752,10894,11093"
"1066  /musicproducer            1      82        "	"10068,10227,10463,10607,10898,11083,11312,11570,12318,12723"
"1067  /frontpage                1      548       "	"10068,10106,10112,10269,10319,10381,10412,10413,10462,10515"
"1068  /vbscript                 1      198       "	"10068,10156,10252,10710,10849,10932,11039,11483,11601,11617"
"1069  /windowsce                1      227       "	"10068,10085,10193,10422,11182,11210,11240,11383,11735,11879"
"1070  /activex                  1      602       "	"10068,10118,10261,10269,10286,10292,10304,10379,10462,10470"
"1071  /automap                  1      187       "	"10068,10167,10195,10230,10322,10362,10422,10446,10674,10790"
"1072  /vinterdev                1      128       "	"10068,10121,10166,10290,10375,10788,10898,10902,11002,11018"
"1073  /taiwan                   1      204       "	"10078,10233,10361,10371,10423,10480,10550,10981,11337,11372"
"1074  /ntworkstation            1      584       "	"10085,10105,10208,10216,10217,10342,10348,10395,10416,10479"
"1075  /jobs                     1      396       "	"10104,10338,10354,10606,10607,10619,10637,10807,10833,10909"
"1076  /ntwkssupport             1      444       "	"10107,10190,10216,10244,10342,10348,10479,10538,10589,10648"
"1077  /msofficesupport          1      155       "	"10109,10132,10186,10909,11489,11539,11678,12123,12209,12415"
"1078  /ntserversupport          1      462       "	"10122,10148,10152,10244,10252,10365,10479,10538,10560,10569"
"1079  /australia                1      136       "	"10122,10178,10182,10394,10485,10681,11364,11444,11543,11773"
"1080  /brasil                   1      121       "	"10126,10229,10284,10291,10682,10772,11319,11422,11526,11680"
"1081  /accessdev                1      215       "	"10127,10309,10409,10460,10471,10660,10668,10752,10818,10956"
"1082  /access                   1      241       "	"10127,10180,10471,10956,11041,11087,11196,11440,11447,11467"
"1083  /msaccesssupport          1      105       "	"10127,10180,10660,10757,11440,11558,11635,11644,11696,11790"
"1084  /uk                       1      186       "	"10132,10271,10995,11143,11175,11263,11325,11349,11373,11416"
"1085  /exchangesupport          1      86        "	"10132,10328,10414,10452,10454,10821,11521,11678,11766,12120"
"1086  /oem                      1      22        "	"10132,11567,12949,16167,16900,17594,19743,19751,20023,23267"
"1087  /proxy                    1      189       "	"10132,10454,10831,11167,11256,11332,11444,11523,11623,11658"
"1088  /outlook                  1      237       "	"10132,10205,10240,10353,10365,10454,10564,10571,10723,10896"
"1089  /officereference          1      157       "	"10132,10309,10348,10454,10910,11044,11541,11544,11778,12059"
"1090  /gamessupport             1      107       "	"10133,11059,11271,11292,11323,11503,12006,12530,12633,12834"
"1091  /hwdev                    1      69        "	"10142,10335,10704,10820,11219,11353,11841,12524,12638,13169"
"1092  /vfoxpro                  1      97        "	"10150,10208,10213,10348,10459,10734,11633,11857,11903,13059"
"1093  /vba                      1      65        "	"10156,10702,11589,12261,12460,12566,13150,13679,14761,15315"
"1094  /mshome                   1      14        "	"10156,15701,15860,16272,16325,16946,28795,29923,31231,31499"
"1095  /catalog                  1      102       "	"10156,10405,10744,10752,11106,11196,11778,11888,12026,12229"
"1096  /mspress                  1      214       "	"10156,10187,10325,10456,10559,11032,11292,11407,11672,11778"
"1097  /latam                    1      56        "	"10156,10500,11027,11202,11259,13510,14156,14601,15186,15354"
"1098  /devonly                  1      98        "	"10157,10771,11717,11879,11938,12154,12261,13232,14982,15456"
"1099  /cio                      1      120       "	"10159,10406,10569,10599,10645,10697,10706,10882,11085,11131"
"1100  /education                1      291       "	"10165,10204,10205,10575,10741,10818,10842,10909,11026,11103"
"1101  /oledb                    1      14        "	"10166,11083,12905,14137,20067,25418,27181,28679,29091,32269"
"1102  /homeessentials           1      118       "	"10168,10612,11016,11309,11477,11550,11657,11702,11776,11930"
"1103  /works                    1      36        "	"10168,10362,14283,14664,14784,15004,15431,17500,19809,22581"
"1104  /hk                       1      35        "	"10191,10204,10902,11372,13474,14178,16284,16804,17149,18889"
"1105  /france                   1      183       "	"10197,10538,10650,10725,10844,10933,11263,11293,11475,11479"
"1106  /cze                      1      16        "	"10198,10206,10504,13824,15950,22258,27993,28751,35548,36347"
"1107  /slovakia                 1      11        "	"10198,15255,16295,17094,17654,19252,20664,27856,36766,37526"
"1108  /teammanager              1      47        "	"10205,10380,10879,11316,11369,12285,12337,12447,12590,13386"
"1109  /technet                  1      59        "	"10205,10226,11320,14126,15021,15114,15313,15682,16547,17443"
"1110  /mastering                1      46        "	"10208,10717,11208,11249,11407,11856,12204,13457,13547,14429"
"1111  /ssafe                    1      36        "	"10208,11052,13044,14434,17664,19488,19860,20167,21294,21429"
"1112  /canada                   1      128       "	"10208,10241,10373,10612,10660,11577,11957,12702,13579,13655"
"1113  /security                 1      181       "	"10215,10235,10348,10570,10736,10994,11016,11418,11475,11550"
"1114  /servad                   1      48        "	"10216,10286,10660,12269,12303,12633,13388,14149,15765,17514"
"1115  /hun                      1      15        "	"10216,14821,14980,15045,18812,21236,21715,21972,31769,32292"
"1116  /switzerland              1      31        "	"10225,10254,11252,11898,13547,14199,14557,15797,16439,17064"
"1117  /sidewinder               1      9         "	"10228,18544,19462,21560,24929,33757,38077,39332,41101"
"1118  /sql                      1      172       "	"10235,10286,10304,10454,10509,10558,10697,11098,11140,11265"
"1119  /corpinfo                 1      365       "	"10240,10309,10422,10639,10714,10949,10951,11147,11191,11209"
"1120  /switch                   1      1         "	"10241"
"1121  /magazine                 1      63        "	"10241,10522,13153,13595,13655,14301,14793,15097,15652,16727"
"1122  /mindshare                1      13        "	"10243,21553,21782,23581,25185,26361,26476,30497,32493,36252"
"1123  /germany                  1      372       "	"10254,10267,10326,10335,10365,10609,10643,10695,10750,10790"
"1124  /industry                 1      222       "	"10263,10602,10607,10697,10857,10879,10934,11053,11098,11638"
"1125  /imagecomposer            1      199       "	"10269,10319,10381,10597,10621,10649,10985,11033,11114,11292"
"1126  /mediamanager             1      27        "	"10272,11143,12799,13180,17585,18588,19881,19949,20615,22396"
"1127  /netshow                  1      132       "	"10286,10446,11077,11240,11447,12318,12685,12832,13164,13323"
"1128  /msf                      1      1         "	"10286"
"1129  /ado                      1      7         "	"10290,14137,18569,20067,24223,24891,27780"
"1130  /syspro                   1      395       "	"10306,10307,10348,10454,10465,10522,10662,10849,10853,10991"
"1131  /moneyzone                1      148       "	"10316,10596,10752,10850,11020,11416,11482,11733,12042,12044"
"1132  /msmoneysupport           1      23        "	"10316,10752,13982,14292,16245,18751,19290,19305,20610,20613"
"1133  /frontpagesupport         1      69        "	"10319,11367,11823,12544,12848,13051,13561,14189,14315,16350"
"1134  /backoffice               1      162       "	"10335,10454,10752,10818,10831,10956,11174,11252,11451,11482"
"1135  /mswordsupport            1      115       "	"10339,10706,11215,11813,11995,13037,13179,13280,14307,14513"
"1136  /usa                      1      181       "	"10348,10375,10575,10660,10865,11409,11482,11648,11854,12137"
"1137  /mscorp                   1      123       "	"10348,10707,10817,11173,11319,11805,12597,12746,13322,13331"
"1138  /mind                     1      33        "	"10351,10747,16201,17452,17506,19860,20013,21968,22461,22897"
"1139  /k-12                     1      18        "	"10362,12796,14321,15349,15407,18193,19809,22471,23476,23713"
"1140  /netherlands              1      118       "	"10363,10561,10718,10961,11546,11674,12628,13421,13636,13707"
"1141  /europe                   1      36        "	"10372,10788,10961,11674,11957,14883,15122,15617,15709,15950"
"1142  /southafrica              1      19        "	"10372,13352,19019,24124,25638,25798,26342,28044,28821,29837"
"1143  /workshoop                1      60        "	"10381,11284,11947,12138,13271,13539,14591,14830,14937,15319"
"1144  /devnews                  1      36        "	"10406,10756,10788,11166,11782,12265,12281,15217,15863,16125"
"1145  /vfoxprosupport           1      20        "	"10418,15109,15217,20067,20551,24418,24510,24692,26173,26391"
"1146  /msp                      1      79        "	"10429,10468,12432,12441,12583,12713,12916,13800,14330,14522"
"1147  /msft                     1      86        "	"10438,10546,10849,11463,11910,11945,12106,12116,12225,12357"
"1148  /channel_resources        1      96        "	"10468,11638,12180,12462,12512,13564,13704,14442,14467,15285"
"1149  /adc                      1      12        "	"10471,16804,17880,19852,23635,24223,27992,30313,31809,37155"
"1150  /infoserv                 1      93        "	"10473,11191,11976,12214,12281,12476,12758,12848,13051,13467"
"1151  /mspowerpointsupport      1      21        "	"10482,13212,13501,17514,19298,21615,22165,22459,22658,25268"
"1152  /rus                      1      52        "	"10486,10535,10811,11051,11295,11320,11888,13332,15700,15739"
"1153  /venezuela                1      8         "	"10500,13794,18646,22767,27221,33825,35187,39053"
"1154  /project                  1      67        "	"10564,11452,11904,12315,12533,12590,12872,13388,13967,14539"
"1155  /sidewalk                 1      52        "	"10606,10833,12870,13475,13946,14211,14463,14565,14757,15592"
"1156  /powered                  1      75        "	"10624,10897,11320,11905,12082,12124,13013,13250,13768,14395"
"1157  /win32dev                 1      124       "	"10627,10635,10844,10855,10889,10943,10989,11032,11039,11044"
"1158  /imedia                   1      90        "	"10632,10793,11323,11802,12989,13436,14218,14290,14622,14739"
"1159  /transaction              1      41        "	"10661,11444,12147,12815,13980,14255,14861,15058,15319,16612"
"1160  /visualcsupport           1      36        "	"10669,12523,12995,13382,14885,15051,17208,17975,18167,20978"
"1161  /workssupport             1      16        "	"10677,16284,17500,19311,19553,21000,27442,27815,29734,31645"
"1162  /infoservsupport          1      48        "	"10699,11174,12476,12848,15220,17108,18958,19687,20997,21273"
"1163  /opentype                 1      25        "	"10744,11181,12252,14570,14851,16744,22790,23576,24490,25043"
"1164  /smsmgmt                  1      49        "	"10752,11369,12802,13109,14279,14861,15133,15352,16000,17501"
"1165  /poland                   1      38        "	"10784,11649,11784,12608,13969,14403,15387,18504,19160,19802"
"1166  /mexico                   1      33        "	"10788,11259,13104,13557,14127,15354,15975,17131,17197,17486"
"1167  /hwtest                   1      72        "	"10791,10820,10991,12325,12537,12563,13102,13265,13711,13853"
"1168  /salesinfo                1      93        "	"10797,11778,11912,12028,12462,12700,14394,14860,15644,15681"
"1169  /msproject                1      44        "	"10797,11452,11873,11904,12590,12630,14539,15047,17168,18943"
"1170  /mail                     1      16        "	"10821,15223,15611,20277,25376,25403,25589,26259,32308,33064"
"1171  /merchant                 1      47        "	"10828,11482,12586,14491,15524,16212,19860,20112,20177,20366"
"1172  /belgium                  1      45        "	"10834,11147,11252,12422,13111,14000,14373,14797,15733,16166"
"1173  /moli                     1      3         "	"10842,16608,31767"
"1174  /nz                       1      10        "	"10866,10992,12371,14321,17042,23163,24652,28627,37551,40040"
"1175  /msprojectsupport         1      6         "	"10888,16512,18943,35823,36274,41737"
"1176  /jscript                  1      63        "	"10932,10942,11205,11348,11601,12112,12907,12922,14705,15467"
"1177  /events                   1      43        "	"10951,11122,11577,12202,12491,13140,13922,13980,14458,17116"
"1178  /msdownload.              1      2         "	"11008,31500"
"1179  /colombia                 1      11        "	"11027,11202,15377,18041,18919,29316,31442,33904,37124,39484"
"1180  /slovenija                1      9         "	"11035,19312,25278,25431,27083,27556,28362,33869,35728"
"1181  /kidssupport              1      12        "	"11044,13105,14189,15377,16739,18775,23503,25185,27189,36244"
"1182  /fortran                  1      7         "	"11090,15650,21155,29742,29872,30630,38633"
"1183  /italy                    1      167       "	"11111,11130,11331,11858,12054,12201,12325,12397,12506,12599"
"1184  /msexcelsupport           1      57        "	"11134,11733,13450,14480,14958,16381,17514,18529,19020,19171"
"1185  /sna                      1      24        "	"11142,11522,11651,12359,14257,17428,17973,18271,19950,20598"
"1186  /college                  1      46        "	"11150,13475,14329,14397,15627,16271,16609,16719,17750,18058"
"1187  /odbc                     1      38        "	"11173,13388,13960,14443,14714,17193,17846,17960,18270,18746"
"1188  /korea                    1      94        "	"11190,11782,11926,12076,12599,12741,13017,13053,14091,14593"
"1189  /internet                 1      51        "	"11243,11631,12272,13788,14240,14394,14880,15663,15690,15776"
"1190  /repository               1      48        "	"11287,11508,12075,12558,12815,13388,14434,15324,15859,17234"
"1191  /management               1      4         "	"11331,31849,37709,41812"
"1192  /visualjsupport           1      7         "	"11359,15864,24622,30614,33323,36912,38976"
"1193  /offdevsupport            1      25        "	"11367,13179,15051,16012,16994,18943,19746,19779,19871,20545"
"1194  /china                    1      26        "	"11372,13188,14069,14425,14819,15106,17187,18981,20972,21495"
"1195  /portugal                 1      15        "	"11429,11942,13738,14345,14931,17696,18044,20491,25830,26790"
"1196  /ie40                     1      1         "	"11431"
"1197  /sqlsupport               1      32        "	"11444,11826,12759,12868,16348,17106,17975,20075,21432,22094"
"1198  /pictureit                1      18        "	"11482,11569,12773,13690,14963,19081,22356,22511,22915,24162"
"1199  /feedback                 1      1         "	"11644"
"1200  /benelux                  1      18        "	"11674,13636,14762,15617,15826,18997,19963,20110,20886,21726"
"1201  /hardware                 1      38        "	"11800,12802,14311,14583,16073,16222,16254,16703,16848,17053"
"1202  /advtech                  1      4         "	"11802,14290,15431,41172"
"1203  /danmark                  1      55        "	"11806,12393,15554,15625,15653,16127,16143,16186,16284,16770"
"1204  /msscheduleplus           1      30        "	"11904,11917,12192,12269,12394,15288,16595,16746,17062,17420"
"1205  /hardwaresupport          1      24        "	"11917,12660,12834,14189,16414,17600,19424,20089,20644,20992"
"1206  /select                   1      29        "	"12011,12053,13164,15681,18529,18793,20197,21590,22672,23432"
"1207  /icp                      1      12        "	"12135,13956,14622,15876,16839,17960,21353,24737,25644,33030"
"1208  /israel                   1      34        "	"12177,12657,12719,12888,13236,14994,16166,17010,20700,20895"
"1209  /turkey                   1      9         "	"12239,13274,16850,20033,22833,34593,38431,41593,42513"
"1210  /snasupport               1      5         "	"12359,19950,20598,28592,31871"
"1211  /smsmgmtsupport           1      16        "	"12395,13604,15870,16876,20598,23461,25878,28825,33505,38278"
"1212  /worldwide                1      25        "	"12421,14072,14282,14425,19367,21155,22171,23337,25411,26494"
"1213  /corporate_solutions      1      3         "	"12472,24913,37985"
"1214  /finserv                  1      3         "	"12515,31934,35031"
"1215  /developer                1      45        "	"12577,13999,17332,17377,19805,20256,20784,21556,21571,21805"
"1216  /vrml                     1      30        "	"12666,14622,16696,21717,22779,22962,23492,24149,24553,25875"
"1217  /ireland                  1      13        "	"12675,23019,26183,28586,28840,29956,32021,32053,33607,35165"
"1218  /publishersupport         1      18        "	"12714,14738,15722,16139,16638,17048,17692,18322,23707,26054"
"1219  /ads                      1      4         "	"12746,14961,16824,20439"
"1220  /macofficesupport         1      23        "	"12795,13465,14067,14189,15022,15465,18381,18420,20651,21700"
"1221  /mstv                     1      10        "	"12815,16550,19514,21190,25564,26090,32055,34996,35592,41273"
"1222  /msofc                    1      11        "	"12819,14138,15891,21725,23252,23690,25124,28866,29206,31777"
"1223  /finland                  1      29        "	"12828,12840,13347,13837,16711,16996,18825,19327,20223,20286"
"1224  /atec                     1      16        "	"13041,14522,19514,19635,19860,20823,23582,27556,28772,29988"
"1225  /piracy                   1      7         "	"13061,16837,17980,23900,35471,37637,42453"
"1226  /msschedplussupport       1      14        "	"13179,13513,14261,20369,22031,22277,24258,26443,30047,30815"
"1227  /argentina                1      32        "	"13235,14156,14601,16016,16560,18603,20416,20549,22967,23082"
"1228  /vtest                    1      13        "	"13266,19664,21509,23989,25253,26055,27761,29252,31607,34578"
"1229  /uruguay                  1      4         "	"13510,18576,24363,26913"
"1230  /mailsupport              1      21        "	"13541,13713,15619,20070,22094,22175,23442,25589,28246,30541"
"1231  /win32devsupport          1      19        "	"13918,15348,16169,16422,18579,23066,23471,24060,24158,24715"
"1232  /standards                1      4         "	"13926,22234,34679,37637"
"1233  /vbscripts                1      1         "	"14363"
"1234  /off97cat                 1      8         "	"14418,15625,27408,28051,34485,38687,39244,42626"
"1235  /onlineeval               1      9         "	"14522,18803,21415,23517,25618,29988,30514,34853,37345"
"1236  /globaldev                1      10        "	"14738,18822,21712,21968,26672,27137,29956,32649,36562,38325"
"1237  /devdays                  1      3         "	"14764,26990,32583"
"1238  /exceldev                 1      4         "	"15247,20545,25922,26885"
"1239  /msconsult                1      3         "	"15361,27183,38020"
"1240  /thailand                 1      11        "	"15461,16723,18189,21961,24503,24944,29346,29685,31298,38397"
"1241  /india                    1      9         "	"15820,16166,16284,16848,19165,25476,27681,32681,34793"
"1242  /msgarden                 1      4         "	"16289,28575,38194,41937"
"1243  /usability                1      4         "	"16904,20439,22650,28084"
"1244  /devwire                  1      4         "	"16967,30082,38662,41835"
"1245  /ofc                      1      2         "	"16999,31934"
"1246  /gamesdev                 1      10        "	"17120,19090,25085,25993,27289,32850,34686,37313,42045,42323"
"1247  /wineguide                1      3         "	"18240,29060,30024"
"1248  /softimage                1      1         "	"18347"
"1249  /fortransupport           1      2         "	"18384,41914"
"1250  /middleeast               1      13        "	"18534,21387,22319,22666,23073,23613,23902,24747,26500,32442"
"1251  /referencesupport         1      11        "	"18941,21158,22168,23023,23890,25687,31897,33173,34594,36742"
"1252  /giving                   1      3         "	"19483,23781,37561"
"1253  /worddev                  1      5         "	"19746,21681,26902,31926,32638"
"1254  /ie3                      1      1         "	"20190"
"1255  /msmq                     1      3         "	"20277,22674,22918"
"1256  /sia                      1      3         "	"20832,22672,30930"
"1257  /devvideos                1      5         "	"21184,25717,28146,39883,40127"
"1258  /peru                     1      3         "	"21399,28356,30514"
"1259  /controls                 1      1         "	"21424"
"1260  /trial                    1      1         "	"21894"
"1261  /diyguide                 1      2         "	"22485,36145"
"1262  /chile                    1      4         "	"24951,25479,35732,37425"
"1263  /services                 1      2         "	"26122,27503"
"1264  /se_partners              1      4         "	"26801,27893,31613,40427"
"1265  /ssafesupport             1      3         "	"26811,35353,39038"
"1266  /licenses                 1      2         "	"26815,35105"
"1267  /caribbean                1      5         "	"27482,28325,29886,39669,42071"
"1268  /javascript               1      1         "	"27503"
"1269  /business                 1      2         "	"28044,41054"
"1270  /developr                 1      1         "	"28493"
"1271  /mdsn                     1      1         "	"28493"
"1272  /softlib                  1      1         "	"28493"
"1273  /mdn                      1      1         "	"28493"
"1274  /pdc                      1      1         "	"28493"
"1275  /security.                1      1         "	"28903"
"1276  /vtestsupport             1      3         "	"29654,37027,40810"
"1277  /stream                   1      1         "	"30111"
"1278  /hed                      1      2         "	"30460,41317"
"1279  /msgolf                   1      1         "	"31062"
"1280  /music                    1      2         "	"33424,41643"
"1281  /intellimouse             1      1         "	"37099"
"1282  /home                     1      2         "	"39877,41244"
"1283  /cinemania                1      1         "	"41033"
"1284  /partner                  1      1         "	"41108"
"1295  /train_cert               1      716       "	"10028,10090,10204,10205,10208,10271,10316,10325,10340,10345"
"1000  /regwiz                   1      912       "	"10001,10010,10039,10073,10087,10101,10132,10141,10154,10162"
"1001  /support                  1      4451      "	"10001,10002,10003,10020,10031,10038,10039,10070,10076,10077"
"1002  /athome                   1      749       "	"10001,10019,10020,10031,10073,10077,10092,10120,10141,10208"
"1003  /kb                       1      2968      "	"10002,10003,10006,10019,10031,10036,10038,10070,10077,10089"
"1004  /search                   1      8463      "	"10003,10006,10008,10018,10019,10021,10022,10034,10042,10044"
"1005  /norge                    1      42        "	"10004,10815,10928,11182,11222,11464,12208,15336,16407,16544"
"1006  /misc                     1      135       "	"10005,10321,10639,10835,10933,11034,11440,11592,11778,12645"
"1007  /ie_intl                  1      865       "	"10007,10048,10062,10079,10088,10094,10130,10149,10161,10184"
"1008  /msdownload               1      10836     "	"10009,10019,10020,10021,10022,10023,10027,10031,10035,10036"
"1009  /windows                  1      4628      "	"10009,10021,10031,10034,10036,10041,10043,10075,10085,10096"
"1010  /vbasic                   1      698       "	"10010,10068,10134,10138,10156,10208,10265,10389,10463,10473"
"1011  /officedev                1      179       "	"10010,10156,10177,10197,10309,10409,10454,10457,10471,10520"
"1012  /outlookdev               1      44        "	"10010,10471,10571,11411,12277,12306,12566,12815,13123,15433"
"1013  /vbasicsupport            1      61        "	"10010,10237,10333,10389,10392,11284,11339,12281,13189,13277"
"1014  /officefreestuff          1      728       "	"10010,10073,10087,10132,10154,10197,10218,10240,10309,10324"
"1015  /msexcel                  1      79        "	"10011,10341,11692,11733,11964,12233,12377,13159,13176,14192"
"1016  /excel                    1      287       "	"10011,10177,10457,10487,10573,10790,10797,11128,11136,11250"
"1017  /products                 1      5108      "	"10011,10017,10019,10021,10022,10030,10037,10039,10065,10067"
"1018  /isapi                    1      5330      "	"10011,10019,10021,10031,10035,10036,10038,10063,10068,10070"
"1019  /mspowerpoint             1      111       "	"10011,10156,10506,11169,11320,11692,12612,13102,13212,13294"
"1020  /msdn                     1      1087      "	"10012,10052,10118,10134,10152,10176,10226,10235,10335,10365"
"1021  /visualc                  1      380       "	"10012,10065,10156,10197,10208,10348,10456,10459,10598,10638"
"1022  /truetype                 1      325       "	"10013,10074,10109,10141,10346,10875,11089,11181,11218,11328"
"1023  /spain                    1      191       "	"10014,10067,10068,10622,10788,10880,10980,11183,11333,11377"
"1024  /iis                      1      521       "	"10015,10117,10151,10166,10252,10290,10303,10329,10351,10388"
"1025  /gallery                  1      2123      "	"10016,10050,10054,10068,10069,10074,10076,10085,10119,10134"
